Compressing to 3x3 MSFP12.
Each block is 53 bits
Each sign+frac takes 5 bits (1 sign + 4 frac)
4 bit frac to add back the normally omitted 1 bit for shifting

0.341195
0.339992
-0.044844
0.232159
0.089782
-0.303314
-0.072609
-0.246675
-0.336833
53'h01abcb223c54a7d
125 -> -2
0.464184
0.418108
-0.048069
0.305112
0.103854
-0.373141
-0.076468
-0.310707
-0.464537
53'h01eccb634c5ae7d
125 -> -2
0.394167
0.377403
-0.045949
0.267130
0.099864
-0.341009
-0.075736
-0.280342
-0.416023
53'h01dc674c46d8c7a
122 -> -5
